<?xml version="1.0" encoding="UTF-8"?>
<!-- Generated by org.testng.reporters.JUnitReportReporter -->
<testsuite hostname="LAPTOP-84AAFFGG" failures="0" tests="1" name="practicePackage.Script03" time="0.004" errors="0" timestamp="2022-11-23T13:10:53 IST" skipped="0">
  <testcase classname="practicePackage.Script03" name="test07" time="0.004"/>
  <system-out/>
</testsuite> <!-- practicePackage.Script03 -->
