<?xml version="1.0" encoding="UTF-8"?>
<!-- Generated by org.testng.reporters.JUnitReportReporter -->
<testsuite hostname="LAPTOP-84AAFFGG" failures="0" tests="3" name="practicePackage.Script04" time="0.040" errors="0" timestamp="2022-11-09T16:03:57 IST" skipped="0">
  <testcase classname="practicePackage.Script04" name="test09" time="0.007"/>
  <system-out/>
  <testcase classname="practicePackage.Script04" name="test08" time="0.028"/>
  <system-out/>
  <testcase classname="practicePackage.Script04" name="test10" time="0.005"/>
  <system-out/>
</testsuite> <!-- practicePackage.Script04 -->
