<?xml version="1.0" encoding="UTF-8"?>
<!-- Generated by org.testng.reporters.JUnitReportReporter -->
<testsuite hostname="LAPTOP-84AAFFGG" failures="0" tests="5" name="practicePackage.ExcelDataProvider" time="0.090" errors="0" timestamp="2022-11-08T15:08:29 IST" skipped="0">
  <testcase classname="practicePackage.ExcelDataProvider" name="travelling" time="0.011"/>
  <system-out/>
  <testcase classname="practicePackage.ExcelDataProvider" name="travelling" time="0.028"/>
  <system-out/>
  <testcase classname="practicePackage.ExcelDataProvider" name="travelling" time="0.011"/>
  <system-out/>
  <testcase classname="practicePackage.ExcelDataProvider" name="travelling" time="0.013"/>
  <system-out/>
  <testcase classname="practicePackage.ExcelDataProvider" name="travelling" time="0.027"/>
  <system-out/>
</testsuite> <!-- practicePackage.ExcelDataProvider -->
