<?xml version="1.0" encoding="UTF-8"?>
<!-- Generated by org.testng.reporters.JUnitReportReporter -->
<testsuite hostname="LAPTOP-84AAFFGG" failures="0" tests="3" name="practicePackage.Script04" time="0.040" errors="0" timestamp="2022-11-23T13:10:53 IST" skipped="0">
  <testcase classname="practicePackage.Script04" name="test09" time="0.006"/>
  <system-out/>
  <testcase classname="practicePackage.Script04" name="test08" time="0.031"/>
  <system-out/>
  <testcase classname="practicePackage.Script04" name="test10" time="0.003"/>
  <system-out/>
</testsuite> <!-- practicePackage.Script04 -->
