<?xml version="1.0" encoding="UTF-8"?>
<!-- Generated by org.testng.reporters.JUnitReportReporter -->
<testsuite hostname="LAPTOP-84AAFFGG" failures="0" tests="5" name="practicePackage.DataProvider53" time="0.062" errors="0" timestamp="2022-11-09T11:26:49 IST" skipped="0">
  <testcase classname="practicePackage.DataProvider53" name="travelling" time="0.014"/>
  <system-out/>
  <testcase classname="practicePackage.DataProvider53" name="travelling" time="0.007"/>
  <system-out/>
  <testcase classname="practicePackage.DataProvider53" name="travelling" time="0.005"/>
  <system-out/>
  <testcase classname="practicePackage.DataProvider53" name="travelling" time="0.012"/>
  <system-out/>
  <testcase classname="practicePackage.DataProvider53" name="travelling" time="0.024"/>
  <system-out/>
</testsuite> <!-- practicePackage.DataProvider53 -->
