<?xml version="1.0" encoding="UTF-8"?>
<!-- Generated by org.testng.reporters.JUnitReportReporter -->
<testsuite hostname="LAPTOP-84AAFFGG" failures="0" tests="2" name="practicePackage.DataProviderTest" time="0.030" errors="0" timestamp="2022-11-08T12:47:52 IST" skipped="0">
  <testcase classname="practicePackage.DataProviderTest" name="travelling" time="0.022"/>
  <system-out/>
  <testcase classname="practicePackage.DataProviderTest" name="travelling" time="0.008"/>
  <system-out/>
</testsuite> <!-- practicePackage.DataProviderTest -->
