<?xml version="1.0" encoding="UTF-8"?>
<!-- Generated by org.testng.reporters.JUnitReportReporter -->
<testsuite hostname="LAPTOP-84AAFFGG" failures="0" tests="2" name="practicePackage.Script01" time="0.010" errors="0" timestamp="2022-11-23T13:10:53 IST" skipped="0">
  <testcase classname="practicePackage.Script01" name="test02" time="0.005"/>
  <system-out/>
  <testcase classname="practicePackage.Script01" name="test01" time="0.005"/>
  <system-out/>
</testsuite> <!-- practicePackage.Script01 -->
