<?xml version="1.0" encoding="UTF-8"?>
<!-- Generated by org.testng.reporters.JUnitReportReporter -->
<testsuite hostname="LAPTOP-84AAFFGG" failures="0" tests="1" name="practicePackage.AnnotationExecution" time="0.023" errors="0" timestamp="2022-11-08T17:44:34 IST" skipped="0">
  <testcase classname="practicePackage.AnnotationExecution" name="congfTest" time="0.023"/>
  <system-out/>
</testsuite> <!-- practicePackage.AnnotationExecution -->
