<?xml version="1.0" encoding="UTF-8"?>
<!-- Generated by org.testng.reporters.JUnitReportReporter -->
<testsuite hostname="LAPTOP-84AAFFGG" failures="0" tests="5" name="practicePackage.ExcelDataProvider02" time="0.057" errors="0" timestamp="2022-11-08T15:55:26 IST" skipped="0">
  <testcase classname="practicePackage.ExcelDataProvider02" name="name" time="0.024"/>
  <system-out/>
  <testcase classname="practicePackage.ExcelDataProvider02" name="name" time="0.004"/>
  <system-out/>
  <testcase classname="practicePackage.ExcelDataProvider02" name="name" time="0.003"/>
  <system-out/>
  <testcase classname="practicePackage.ExcelDataProvider02" name="name" time="0.022"/>
  <system-out/>
  <testcase classname="practicePackage.ExcelDataProvider02" name="name" time="0.004"/>
  <system-out/>
</testsuite> <!-- practicePackage.ExcelDataProvider02 -->
