<?xml version="1.0" encoding="UTF-8"?>
<!-- Generated by org.testng.reporters.JUnitReportReporter -->
<testsuite hostname="LAPTOP-84AAFFGG" failures="0" tests="3" name="practicePackage.Script01" time="0.047" errors="0" timestamp="2022-11-23T15:54:13 IST" skipped="0">
  <testcase classname="practicePackage.Script01" name="test02" time="0.007"/>
  <system-out/>
  <testcase classname="practicePackage.Script01" name="test03" time="0.013"/>
  <system-out/>
  <testcase classname="practicePackage.Script01" name="test01" time="0.027"/>
  <system-out/>
</testsuite> <!-- practicePackage.Script01 -->
