<?xml version="1.0" encoding="UTF-8"?>
<!-- Generated by org.testng.reporters.JUnitReportReporter -->
<testsuite hostname="LAPTOP-84AAFFGG" failures="0" tests="1" name="Add_Corporate.INT_03" time="46.022" errors="0" timestamp="2022-11-10T16:30:04 IST" skipped="0">
  <testcase classname="Add_Corporate.INT_03" name="Script03" time="46.022"/>
  <system-out/>
</testsuite> <!-- Add_Corporate.INT_03 -->
