<?xml version="1.0" encoding="UTF-8"?>
<!-- Generated by org.testng.reporters.JUnitReportReporter -->
<testsuite hostname="LAPTOP-84AAFFGG" failures="0" tests="2" name="practicePackage.Script02" time="0.064" errors="0" timestamp="2022-11-23T13:10:53 IST" skipped="0">
  <testcase classname="practicePackage.Script02" name="test04" time="0.059"/>
  <system-out/>
  <testcase classname="practicePackage.Script02" name="test05" time="0.005"/>
  <system-out/>
</testsuite> <!-- practicePackage.Script02 -->
