<?xml version="1.0" encoding="UTF-8"?>
<!-- Generated by org.testng.reporters.JUnitReportReporter -->
<testsuite hostname="LAPTOP-84AAFFGG" failures="0" tests="2" name="Add_Corporate.INT_02" time="56.117" errors="0" timestamp="2022-11-11T12:49:06 IST" skipped="0">
  <testcase classname="Add_Corporate.INT_02" name="Script02" time="56.093"/>
  <system-out/>
  <testcase classname="Add_Corporate.INT_02" name="regration" time="0.024"/>
  <system-out/>
</testsuite> <!-- Add_Corporate.INT_02 -->
