<?xml version="1.0" encoding="UTF-8"?>
<!-- Generated by org.testng.reporters.JUnitReportReporter -->
<testsuite hostname="LAPTOP-84AAFFGG" failures="0" tests="2" name="practicePackage.Script02" time="0.021" errors="0" timestamp="2022-11-09T16:19:02 IST" skipped="0">
  <testcase classname="practicePackage.Script02" name="test04" time="0.013"/>
  <system-out/>
  <testcase classname="practicePackage.Script02" name="test05" time="0.008"/>
  <system-out/>
</testsuite> <!-- practicePackage.Script02 -->
