<?xml version="1.0" encoding="UTF-8"?>
<!-- Generated by org.testng.reporters.JUnitReportReporter -->
<testsuite hostname="LAPTOP-84AAFFGG" failures="0" tests="1" name="practicePackage.WorldPopulationCount" time="0.137" errors="0" timestamp="2022-11-22T20:57:35 IST" skipped="0">
  <testcase classname="practicePackage.WorldPopulationCount" name="population" time="0.137"/>
  <system-out/>
</testsuite> <!-- practicePackage.WorldPopulationCount -->
