<?xml version="1.0" encoding="UTF-8"?>
<!-- Generated by org.testng.reporters.JUnitReportReporter -->
<testsuite hostname="LAPTOP-84AAFFGG" failures="0" tests="1" name="Add_Employee.SYS_02" time="37.648" errors="0" timestamp="2022-11-10T13:16:38 IST" skipped="0">
  <testcase classname="Add_Employee.SYS_02" name="script06" time="37.648"/>
  <system-out/>
</testsuite> <!-- Add_Employee.SYS_02 -->
