<?xml version="1.0" encoding="UTF-8"?>
<!-- Generated by org.testng.reporters.JUnitReportReporter -->
<testsuite hostname="LAPTOP-84AAFFGG" failures="0" tests="2" name="practicePackage.Script03" time="0.015" errors="0" timestamp="2022-11-09T16:19:02 IST" skipped="0">
  <testcase classname="practicePackage.Script03" name="test07" time="0.009"/>
  <system-out/>
  <testcase classname="practicePackage.Script03" name="test06" time="0.006"/>
  <system-out/>
</testsuite> <!-- practicePackage.Script03 -->
